{"/Users/lepetitpifa/Documents/_git/PinPeak/jest.config.js": {"path":"/Users/lepetitpifa/Documents/_git/PinPeak/jest.config.js","statementMap":{"0":{"start":{"line":1,"column":0},"end":{"line":17,"column":2}}},"fnMap":{},"branchMap":{},"s":{"0":0},"f":{},"b":{}}
,"/Users/lepetitpifa/Documents/_git/PinPeak/src/App.js": {"path":"/Users/lepetitpifa/Documents/_git/PinPeak/src/App.js","statementMap":{"0":{"start":{"line":16,"column":15},"end":{"line":27,"column":2}},"1":{"start":{"line":33,"column":25},"end":{"line":33,"column":52}},"2":{"start":{"line":34,"column":29},"end":{"line":34,"column":52}},"3":{"start":{"line":36,"column":32},"end":{"line":36,"column":56}},"4":{"start":{"line":37,"column":54},"end":{"line":37,"column":82}},"5":{"start":{"line":38,"column":42},"end":{"line":38,"column":56}},"6":{"start":{"line":39,"column":42},"end":{"line":39,"column":54}},"7":{"start":{"line":41,"column":42},"end":{"line":41,"column":62}},"8":{"start":{"line":43,"column":18},"end":{"line":49,"column":3}},"9":{"start":{"line":44,"column":4},"end":{"line":48,"column":5}},"10":{"start":{"line":45,"column":6},"end":{"line":45,"column":21}},"11":{"start":{"line":47,"column":6},"end":{"line":47,"column":19}},"12":{"start":{"line":51,"column":16},"end":{"line":53,"column":3}},"13":{"start":{"line":52,"column":4},"end":{"line":52,"column":41}},"14":{"start":{"line":55,"column":16},"end":{"line":57,"column":3}},"15":{"start":{"line":56,"column":4},"end":{"line":56,"column":39}},"16":{"start":{"line":59,"column":21},"end":{"line":65,"column":3}},"17":{"start":{"line":60,"column":4},"end":{"line":64,"column":6}},"18":{"start":{"line":62,"column":8},"end":{"line":62,"column":24}},"19":{"start":{"line":67,"column":23},"end":{"line":70,"column":3}},"20":{"start":{"line":68,"column":4},"end":{"line":68,"column":42}},"21":{"start":{"line":69,"column":4},"end":{"line":69,"column":26}},"22":{"start":{"line":72,"column":20},"end":{"line":72,"column":21}},"23":{"start":{"line":73,"column":23},"end":{"line":73,"column":43}},"24":{"start":{"line":74,"column":15},"end":{"line":74,"column":19}},"25":{"start":{"line":76,"column":2},"end":{"line":99,"column":9}},"26":{"start":{"line":78,"column":6},"end":{"line":88,"column":8}},"27":{"start":{"line":80,"column":40},"end":{"line":80,"column":106}},"28":{"start":{"line":81,"column":10},"end":{"line":81,"column":55}},"29":{"start":{"line":83,"column":27},"end":{"line":83,"column":86}},"30":{"start":{"line":84,"column":10},"end":{"line":84,"column":36}},"31":{"start":{"line":86,"column":17},"end":{"line":86,"column":43}},"32":{"start":{"line":90,"column":4},"end":{"line":90,"column":22}},"33":{"start":{"line":93,"column":4},"end":{"line":93,"column":14}},"34":{"start":{"line":94,"column":4},"end":{"line":96,"column":6}},"35":{"start":{"line":95,"column":6},"end":{"line":95,"column":21}},"36":{"start":{"line":101,"column":18},"end":{"line":128,"column":3}},"37":{"start":{"line":102,"column":4},"end":{"line":127,"column":5}},"38":{"start":{"line":103,"column":25},"end":{"line":107,"column":7}},"39":{"start":{"line":108,"column":6},"end":{"line":108,"column":29}},"40":{"start":{"line":111,"column":23},"end":{"line":111,"column":43}},"41":{"start":{"line":112,"column":24},"end":{"line":112,"column":43}},"42":{"start":{"line":113,"column":6},"end":{"line":113,"column":33}},"43":{"start":{"line":119,"column":6},"end":{"line":119,"column":22}},"44":{"start":{"line":120,"column":6},"end":{"line":120,"column":44}},"45":{"start":{"line":123,"column":6},"end":{"line":123,"column":22}},"46":{"start":{"line":124,"column":6},"end":{"line":124,"column":47}},"47":{"start":{"line":125,"column":6},"end":{"line":125,"column":47}},"48":{"start":{"line":126,"column":6},"end":{"line":126,"column":47}},"49":{"start":{"line":130,"column":2},"end":{"line":137,"column":4}}},"fnMap":{"0":{"name":"App","decl":{"start":{"line":32,"column":24},"end":{"line":32,"column":27}},"loc":{"start":{"line":32,"column":30},"end":{"line":138,"column":1}},"line":32},"1":{"name":"(anonymous_1)","decl":{"start":{"line":43,"column":18},"end":{"line":43,"column":19}},"loc":{"start":{"line":43,"column":24},"end":{"line":49,"column":3}},"line":43},"2":{"name":"(anonymous_2)","decl":{"start":{"line":51,"column":16},"end":{"line":51,"column":17}},"loc":{"start":{"line":51,"column":22},"end":{"line":53,"column":3}},"line":51},"3":{"name":"(anonymous_3)","decl":{"start":{"line":55,"column":16},"end":{"line":55,"column":17}},"loc":{"start":{"line":55,"column":22},"end":{"line":57,"column":3}},"line":55},"4":{"name":"(anonymous_4)","decl":{"start":{"line":59,"column":21},"end":{"line":59,"column":22}},"loc":{"start":{"line":59,"column":27},"end":{"line":65,"column":3}},"line":59},"5":{"name":"(anonymous_5)","decl":{"start":{"line":61,"column":31},"end":{"line":61,"column":32}},"loc":{"start":{"line":61,"column":43},"end":{"line":63,"column":7}},"line":61},"6":{"name":"(anonymous_6)","decl":{"start":{"line":67,"column":23},"end":{"line":67,"column":24}},"loc":{"start":{"line":67,"column":29},"end":{"line":70,"column":3}},"line":67},"7":{"name":"(anonymous_7)","decl":{"start":{"line":76,"column":12},"end":{"line":76,"column":13}},"loc":{"start":{"line":76,"column":18},"end":{"line":99,"column":3}},"line":76},"8":{"name":"findCoordinates","decl":{"start":{"line":77,"column":19},"end":{"line":77,"column":34}},"loc":{"start":{"line":77,"column":37},"end":{"line":89,"column":5}},"line":77},"9":{"name":"(anonymous_9)","decl":{"start":{"line":79,"column":8},"end":{"line":79,"column":9}},"loc":{"start":{"line":79,"column":20},"end":{"line":85,"column":9}},"line":79},"10":{"name":"(anonymous_10)","decl":{"start":{"line":86,"column":8},"end":{"line":86,"column":9}},"loc":{"start":{"line":86,"column":17},"end":{"line":86,"column":43}},"line":86},"11":{"name":"(anonymous_11)","decl":{"start":{"line":94,"column":11},"end":{"line":94,"column":12}},"loc":{"start":{"line":94,"column":17},"end":{"line":96,"column":5}},"line":94},"12":{"name":"(anonymous_12)","decl":{"start":{"line":101,"column":18},"end":{"line":101,"column":19}},"loc":{"start":{"line":101,"column":42},"end":{"line":128,"column":3}},"line":101}},"branchMap":{"0":{"loc":{"start":{"line":44,"column":4},"end":{"line":48,"column":5}},"type":"if","locations":[{"start":{"line":44,"column":4},"end":{"line":48,"column":5}},{"start":{"line":44,"column":4},"end":{"line":48,"column":5}}],"line":44},"1":{"loc":{"start":{"line":68,"column":4},"end":{"line":68,"column":41}},"type":"binary-expr","locations":[{"start":{"line":68,"column":4},"end":{"line":68,"column":16}},{"start":{"line":68,"column":20},"end":{"line":68,"column":41}}],"line":68},"2":{"loc":{"start":{"line":102,"column":4},"end":{"line":127,"column":5}},"type":"if","locations":[{"start":{"line":102,"column":4},"end":{"line":127,"column":5}},{"start":{"line":102,"column":4},"end":{"line":127,"column":5}}],"line":102}},"s":{"0":0,"1":0,"2":0,"3":0,"4":0,"5":0,"6":0,"7":0,"8":0,"9":0,"10":0,"11":0,"12":0,"13":0,"14":0,"15":0,"16":0,"17":0,"18":0,"19":0,"20":0,"21":0,"22":0,"23":0,"24":0,"25":0,"26":0,"27":0,"28":0,"29":0,"30":0,"31":0,"32":0,"33":0,"34":0,"35":0,"36":0,"37":0,"38":0,"39":0,"40":0,"41":0,"42":0,"43":0,"44":0,"45":0,"46":0,"47":0,"48":0,"49":0},"f":{"0":0,"1":0,"2":0,"3":0,"4":0,"5":0,"6":0,"7":0,"8":0,"9":0,"10":0,"11":0,"12":0},"b":{"0":[0,0],"1":[0,0],"2":[0,0]}}
,"/Users/lepetitpifa/Documents/_git/PinPeak/web-build/register-service-worker.js": {"path":"/Users/lepetitpifa/Documents/_git/PinPeak/web-build/register-service-worker.js","statementMap":{"0":{"start":{"line":3,"column":0},"end":{"line":14,"column":1}},"1":{"start":{"line":4,"column":2},"end":{"line":13,"column":5}},"2":{"start":{"line":5,"column":4},"end":{"line":12,"column":9}},"3":{"start":{"line":11,"column":8},"end":{"line":11,"column":65}}},"fnMap":{"0":{"name":"(anonymous_0)","decl":{"start":{"line":4,"column":34},"end":{"line":4,"column":35}},"loc":{"start":{"line":4,"column":46},"end":{"line":13,"column":3}},"line":4},"1":{"name":"(anonymous_1)","decl":{"start":{"line":7,"column":12},"end":{"line":7,"column":13}},"loc":{"start":{"line":7,"column":28},"end":{"line":9,"column":7}},"line":7},"2":{"name":"(anonymous_2)","decl":{"start":{"line":10,"column":13},"end":{"line":10,"column":14}},"loc":{"start":{"line":10,"column":30},"end":{"line":12,"column":7}},"line":10}},"branchMap":{"0":{"loc":{"start":{"line":3,"column":0},"end":{"line":14,"column":1}},"type":"if","locations":[{"start":{"line":3,"column":0},"end":{"line":14,"column":1}},{"start":{"line":3,"column":0},"end":{"line":14,"column":1}}],"line":3}},"s":{"0":0,"1":0,"2":0,"3":0},"f":{"0":0,"1":0,"2":0},"b":{"0":[0,0]}}
}
