{"/Users/lepetitpifa/Documents/_git/PinPeak/jest.config.js": {"path":"/Users/lepetitpifa/Documents/_git/PinPeak/jest.config.js","statementMap":{"0":{"start":{"line":1,"column":0},"end":{"line":17,"column":2}}},"fnMap":{},"branchMap":{},"s":{"0":0},"f":{},"b":{}}
,"/Users/lepetitpifa/Documents/_git/PinPeak/src/App.js": {"path":"/Users/lepetitpifa/Documents/_git/PinPeak/src/App.js","statementMap":{"0":{"start":{"line":13,"column":15},"end":{"line":21,"column":2}},"1":{"start":{"line":27,"column":25},"end":{"line":27,"column":43}},"2":{"start":{"line":28,"column":29},"end":{"line":28,"column":52}},"3":{"start":{"line":30,"column":32},"end":{"line":30,"column":56}},"4":{"start":{"line":31,"column":54},"end":{"line":31,"column":82}},"5":{"start":{"line":32,"column":42},"end":{"line":32,"column":56}},"6":{"start":{"line":33,"column":42},"end":{"line":33,"column":54}},"7":{"start":{"line":34,"column":42},"end":{"line":34,"column":56}},"8":{"start":{"line":35,"column":52},"end":{"line":35,"column":63}},"9":{"start":{"line":36,"column":46},"end":{"line":36,"column":70}},"10":{"start":{"line":38,"column":18},"end":{"line":44,"column":3}},"11":{"start":{"line":39,"column":4},"end":{"line":43,"column":5}},"12":{"start":{"line":40,"column":6},"end":{"line":40,"column":21}},"13":{"start":{"line":42,"column":6},"end":{"line":42,"column":19}},"14":{"start":{"line":46,"column":16},"end":{"line":48,"column":3}},"15":{"start":{"line":47,"column":4},"end":{"line":47,"column":41}},"16":{"start":{"line":50,"column":16},"end":{"line":52,"column":3}},"17":{"start":{"line":51,"column":4},"end":{"line":51,"column":39}},"18":{"start":{"line":54,"column":21},"end":{"line":80,"column":3}},"19":{"start":{"line":55,"column":4},"end":{"line":55,"column":12}},"20":{"start":{"line":56,"column":4},"end":{"line":79,"column":6}},"21":{"start":{"line":58,"column":27},"end":{"line":58,"column":87}},"22":{"start":{"line":60,"column":8},"end":{"line":77,"column":9}},"23":{"start":{"line":61,"column":10},"end":{"line":61,"column":33}},"24":{"start":{"line":64,"column":27},"end":{"line":64,"column":47}},"25":{"start":{"line":65,"column":28},"end":{"line":65,"column":47}},"26":{"start":{"line":66,"column":10},"end":{"line":66,"column":37}},"27":{"start":{"line":68,"column":10},"end":{"line":68,"column":34}},"28":{"start":{"line":69,"column":10},"end":{"line":69,"column":44}},"29":{"start":{"line":71,"column":10},"end":{"line":71,"column":54}},"30":{"start":{"line":72,"column":10},"end":{"line":76,"column":13}},"31":{"start":{"line":82,"column":23},"end":{"line":85,"column":3}},"32":{"start":{"line":83,"column":4},"end":{"line":83,"column":42}},"33":{"start":{"line":84,"column":4},"end":{"line":84,"column":26}},"34":{"start":{"line":89,"column":15},"end":{"line":89,"column":20}},"35":{"start":{"line":91,"column":2},"end":{"line":114,"column":9}},"36":{"start":{"line":93,"column":6},"end":{"line":103,"column":8}},"37":{"start":{"line":95,"column":40},"end":{"line":95,"column":106}},"38":{"start":{"line":96,"column":10},"end":{"line":96,"column":55}},"39":{"start":{"line":98,"column":27},"end":{"line":98,"column":86}},"40":{"start":{"line":99,"column":10},"end":{"line":99,"column":36}},"41":{"start":{"line":101,"column":17},"end":{"line":101,"column":43}},"42":{"start":{"line":105,"column":4},"end":{"line":105,"column":22}},"43":{"start":{"line":108,"column":4},"end":{"line":108,"column":14}},"44":{"start":{"line":109,"column":4},"end":{"line":111,"column":6}},"45":{"start":{"line":110,"column":6},"end":{"line":110,"column":21}},"46":{"start":{"line":112,"column":4},"end":{"line":112,"column":17}},"47":{"start":{"line":113,"column":4},"end":{"line":113,"column":24}},"48":{"start":{"line":116,"column":28},"end":{"line":151,"column":3}},"49":{"start":{"line":117,"column":4},"end":{"line":123,"column":11}},"50":{"start":{"line":153,"column":2},"end":{"line":158,"column":4}}},"fnMap":{"0":{"name":"App","decl":{"start":{"line":26,"column":24},"end":{"line":26,"column":27}},"loc":{"start":{"line":26,"column":30},"end":{"line":159,"column":1}},"line":26},"1":{"name":"(anonymous_1)","decl":{"start":{"line":38,"column":18},"end":{"line":38,"column":19}},"loc":{"start":{"line":38,"column":24},"end":{"line":44,"column":3}},"line":38},"2":{"name":"(anonymous_2)","decl":{"start":{"line":46,"column":16},"end":{"line":46,"column":17}},"loc":{"start":{"line":46,"column":22},"end":{"line":48,"column":3}},"line":46},"3":{"name":"(anonymous_3)","decl":{"start":{"line":50,"column":16},"end":{"line":50,"column":17}},"loc":{"start":{"line":50,"column":22},"end":{"line":52,"column":3}},"line":50},"4":{"name":"(anonymous_4)","decl":{"start":{"line":54,"column":21},"end":{"line":54,"column":22}},"loc":{"start":{"line":54,"column":27},"end":{"line":80,"column":3}},"line":54},"5":{"name":"(anonymous_5)","decl":{"start":{"line":57,"column":31},"end":{"line":57,"column":32}},"loc":{"start":{"line":57,"column":43},"end":{"line":78,"column":7}},"line":57},"6":{"name":"(anonymous_6)","decl":{"start":{"line":82,"column":23},"end":{"line":82,"column":24}},"loc":{"start":{"line":82,"column":29},"end":{"line":85,"column":3}},"line":82},"7":{"name":"(anonymous_7)","decl":{"start":{"line":91,"column":12},"end":{"line":91,"column":13}},"loc":{"start":{"line":91,"column":18},"end":{"line":114,"column":3}},"line":91},"8":{"name":"findCoordinates","decl":{"start":{"line":92,"column":19},"end":{"line":92,"column":34}},"loc":{"start":{"line":92,"column":37},"end":{"line":104,"column":5}},"line":92},"9":{"name":"(anonymous_9)","decl":{"start":{"line":94,"column":8},"end":{"line":94,"column":9}},"loc":{"start":{"line":94,"column":20},"end":{"line":100,"column":9}},"line":94},"10":{"name":"(anonymous_10)","decl":{"start":{"line":101,"column":8},"end":{"line":101,"column":9}},"loc":{"start":{"line":101,"column":17},"end":{"line":101,"column":43}},"line":101},"11":{"name":"(anonymous_11)","decl":{"start":{"line":109,"column":11},"end":{"line":109,"column":12}},"loc":{"start":{"line":109,"column":17},"end":{"line":111,"column":5}},"line":109},"12":{"name":"(anonymous_12)","decl":{"start":{"line":116,"column":28},"end":{"line":116,"column":29}},"loc":{"start":{"line":116,"column":75},"end":{"line":151,"column":3}},"line":116}},"branchMap":{"0":{"loc":{"start":{"line":39,"column":4},"end":{"line":43,"column":5}},"type":"if","locations":[{"start":{"line":39,"column":4},"end":{"line":43,"column":5}},{"start":{"line":39,"column":4},"end":{"line":43,"column":5}}],"line":39},"1":{"loc":{"start":{"line":60,"column":8},"end":{"line":77,"column":9}},"type":"if","locations":[{"start":{"line":60,"column":8},"end":{"line":77,"column":9}},{"start":{"line":60,"column":8},"end":{"line":77,"column":9}}],"line":60},"2":{"loc":{"start":{"line":83,"column":4},"end":{"line":83,"column":41}},"type":"binary-expr","locations":[{"start":{"line":83,"column":4},"end":{"line":83,"column":16}},{"start":{"line":83,"column":20},"end":{"line":83,"column":41}}],"line":83},"3":{"loc":{"start":{"line":117,"column":11},"end":{"line":123,"column":10}},"type":"cond-expr","locations":[{"start":{"line":118,"column":8},"end":{"line":122,"column":7}},{"start":{"line":123,"column":8},"end":{"line":123,"column":10}}],"line":117}},"s":{"0":0,"1":0,"2":0,"3":0,"4":0,"5":0,"6":0,"7":0,"8":0,"9":0,"10":0,"11":0,"12":0,"13":0,"14":0,"15":0,"16":0,"17":0,"18":0,"19":0,"20":0,"21":0,"22":0,"23":0,"24":0,"25":0,"26":0,"27":0,"28":0,"29":0,"30":0,"31":0,"32":0,"33":0,"34":0,"35":0,"36":0,"37":0,"38":0,"39":0,"40":0,"41":0,"42":0,"43":0,"44":0,"45":0,"46":0,"47":0,"48":0,"49":0,"50":0},"f":{"0":0,"1":0,"2":0,"3":0,"4":0,"5":0,"6":0,"7":0,"8":0,"9":0,"10":0,"11":0,"12":0},"b":{"0":[0,0],"1":[0,0],"2":[0,0],"3":[0,0]}}
,"/Users/lepetitpifa/Documents/_git/PinPeak/web-build/register-service-worker.js": {"path":"/Users/lepetitpifa/Documents/_git/PinPeak/web-build/register-service-worker.js","statementMap":{"0":{"start":{"line":3,"column":0},"end":{"line":14,"column":1}},"1":{"start":{"line":4,"column":2},"end":{"line":13,"column":5}},"2":{"start":{"line":5,"column":4},"end":{"line":12,"column":9}},"3":{"start":{"line":11,"column":8},"end":{"line":11,"column":65}}},"fnMap":{"0":{"name":"(anonymous_0)","decl":{"start":{"line":4,"column":34},"end":{"line":4,"column":35}},"loc":{"start":{"line":4,"column":46},"end":{"line":13,"column":3}},"line":4},"1":{"name":"(anonymous_1)","decl":{"start":{"line":7,"column":12},"end":{"line":7,"column":13}},"loc":{"start":{"line":7,"column":28},"end":{"line":9,"column":7}},"line":7},"2":{"name":"(anonymous_2)","decl":{"start":{"line":10,"column":13},"end":{"line":10,"column":14}},"loc":{"start":{"line":10,"column":30},"end":{"line":12,"column":7}},"line":10}},"branchMap":{"0":{"loc":{"start":{"line":3,"column":0},"end":{"line":14,"column":1}},"type":"if","locations":[{"start":{"line":3,"column":0},"end":{"line":14,"column":1}},{"start":{"line":3,"column":0},"end":{"line":14,"column":1}}],"line":3}},"s":{"0":0,"1":0,"2":0,"3":0},"f":{"0":0,"1":0,"2":0},"b":{"0":[0,0]}}
}
